<?xml version="1.0" encoding="UTF-8"?>
<!-- Generated by org.testng.reporters.JUnitXMLReporter -->
<testsuite ignored="0" hostname="PriyaPapa" failures="0" tests="3" name="Test" time="59.478" errors="0" timestamp="2024-07-24T11:19:50 IST">
  <testcase classname="com.RB_Auction.TestScripts.LoginPageTest" name="capturingTheTotalNumberOfResults" time="4.419"/>
  <testcase classname="com.RB_Auction.TestScripts.LoginPageTest" name="verifyingTheFirstResultOnThePageHasTheWordAsSearchText" time="12.186"/>
  <testcase classname="com.RB_Auction.TestScripts.LoginPageTest" name="verifyingTheNoOfResultsReturnedAfterApplyingTheYearFilterFrom2010ToCurrentYear" time="10.155"/>
</testsuite> <!-- Test -->
