<?xml version="1.0" encoding="UTF-8"?>
<testng-results ignored="0" total="3" passed="3" failed="0" skipped="0">
  <reporter-output>
  </reporter-output>
  <suite started-at="2024-07-24T11:18:51 IST" name="Suite" finished-at="2024-07-24T11:19:50 IST" duration-ms="59478">
    <groups>
    </groups>
    <test started-at="2024-07-24T11:18:51 IST" name="Test" finished-at="2024-07-24T11:19:50 IST" duration-ms="59478">
      <class name="com.RB_Auction.TestScripts.LoginPageTest">
        <test-method is-config="true" signature="setUp(java.lang.reflect.Method)[pri:0, instance:com.RB_Auction.TestScripts.LoginPageTest@5d7148e2]" started-at="2024-07-24T11:18:51 IST" name="setUp" finished-at="2024-07-24T11:19:06 IST" duration-ms="15123" status="PASS">
          <params>
            <param index="0">
              <value>
                <![CDATA[public void com.RB_Auction.TestScripts.LoginPageTest.capturingTheTotalNumberOfResults() throws java.lang.Exception]]>
              </value>
            </param>
          </params>
          <reporter-output>
          </reporter-output>
        </test-method> <!-- setUp -->
        <test-method signature="capturingTheTotalNumberOfResults()[pri:0, instance:com.RB_Auction.TestScripts.LoginPageTest@5d7148e2]" started-at="2024-07-24T11:19:06 IST" name="capturingTheTotalNumberOfResults" finished-at="2024-07-24T11:19:10 IST" duration-ms="4419" status="PASS">
          <reporter-output>
          </reporter-output>
        </test-method> <!-- capturingTheTotalNumberOfResults -->
        <test-method is-config="true" signature="tearDown()[pri:0, instance:com.RB_Auction.TestScripts.LoginPageTest@5d7148e2]" started-at="2024-07-24T11:19:11 IST" name="tearDown" finished-at="2024-07-24T11:19:11 IST" duration-ms="631" status="PASS">
          <reporter-output>
          </reporter-output>
        </test-method> <!-- tearDown -->
        <test-method is-config="true" signature="setUp(java.lang.reflect.Method)[pri:0, instance:com.RB_Auction.TestScripts.LoginPageTest@5d7148e2]" started-at="2024-07-24T11:19:11 IST" name="setUp" finished-at="2024-07-24T11:19:15 IST" duration-ms="3471" status="PASS">
          <params>
            <param index="0">
              <value>
                <![CDATA[public void com.RB_Auction.TestScripts.LoginPageTest.verifyingTheFirstResultOnThePageHasTheWordAsSearchText() throws java.lang.Exception]]>
              </value>
            </param>
          </params>
          <reporter-output>
          </reporter-output>
        </test-method> <!-- setUp -->
        <test-method signature="verifyingTheFirstResultOnThePageHasTheWordAsSearchText()[pri:0, instance:com.RB_Auction.TestScripts.LoginPageTest@5d7148e2]" started-at="2024-07-24T11:19:15 IST" name="verifyingTheFirstResultOnThePageHasTheWordAsSearchText" finished-at="2024-07-24T11:19:27 IST" duration-ms="12186" status="PASS">
          <reporter-output>
          </reporter-output>
        </test-method> <!-- verifyingTheFirstResultOnThePageHasTheWordAsSearchText -->
        <test-method is-config="true" signature="tearDown()[pri:0, instance:com.RB_Auction.TestScripts.LoginPageTest@5d7148e2]" started-at="2024-07-24T11:19:28 IST" name="tearDown" finished-at="2024-07-24T11:19:29 IST" duration-ms="520" status="PASS">
          <reporter-output>
          </reporter-output>
        </test-method> <!-- tearDown -->
        <test-method is-config="true" signature="setUp(java.lang.reflect.Method)[pri:0, instance:com.RB_Auction.TestScripts.LoginPageTest@5d7148e2]" started-at="2024-07-24T11:19:29 IST" name="setUp" finished-at="2024-07-24T11:19:39 IST" duration-ms="10435" status="PASS">
          <params>
            <param index="0">
              <value>
                <![CDATA[public void com.RB_Auction.TestScripts.LoginPageTest.verifyingTheNoOfResultsReturnedAfterApplyingTheYearFilterFrom2010ToCurrentYear() throws java.lang.Exception]]>
              </value>
            </param>
          </params>
          <reporter-output>
          </reporter-output>
        </test-method> <!-- setUp -->
        <test-method signature="verifyingTheNoOfResultsReturnedAfterApplyingTheYearFilterFrom2010ToCurrentYear()[pri:0, instance:com.RB_Auction.TestScripts.LoginPageTest@5d7148e2]" started-at="2024-07-24T11:19:39 IST" name="verifyingTheNoOfResultsReturnedAfterApplyingTheYearFilterFrom2010ToCurrentYear" finished-at="2024-07-24T11:19:49 IST" duration-ms="10155" status="PASS">
          <reporter-output>
          </reporter-output>
        </test-method> <!-- verifyingTheNoOfResultsReturnedAfterApplyingTheYearFilterFrom2010ToCurrentYear -->
        <test-method is-config="true" signature="tearDown()[pri:0, instance:com.RB_Auction.TestScripts.LoginPageTest@5d7148e2]" started-at="2024-07-24T11:19:50 IST" name="tearDown" finished-at="2024-07-24T11:19:50 IST" duration-ms="587" status="PASS">
          <reporter-output>
          </reporter-output>
        </test-method> <!-- tearDown -->
      </class> <!-- com.RB_Auction.TestScripts.LoginPageTest -->
    </test> <!-- Test -->
  </suite> <!-- Suite -->
</testng-results>
